d:\programowanie proceduralne\wykl9\wykl9\debug\vc143.pdb
d:\programowanie proceduralne\wykl9\wykl9\debug\vc143.idb
d:\programowanie proceduralne\wykl9\wykl9\debug\stack.obj
d:\programowanie proceduralne\wykl9\wykl9\debug\stdafx.obj
d:\programowanie proceduralne\wykl9\wykl9\debug\util.obj
d:\programowanie proceduralne\wykl9\wykl9\debug\wykl9.obj
d:\programowanie proceduralne\wykl9\wykl9\debug\dstack.obj
d:\programowanie proceduralne\wykl9\debug\wykl9.pdb
d:\programowanie proceduralne\wykl9\wykl9\debug\wykl9.tlog\cl.command.1.tlog
d:\programowanie proceduralne\wykl9\wykl9\debug\wykl9.tlog\cl.read.1.tlog
d:\programowanie proceduralne\wykl9\wykl9\debug\wykl9.tlog\cl.write.1.tlog
d:\programowanie proceduralne\wykl9\wykl9\debug\wykl9.tlog\link.12876-cvtres.read.1.tlog
d:\programowanie proceduralne\wykl9\wykl9\debug\wykl9.tlog\link.12876-cvtres.write.1.tlog
d:\programowanie proceduralne\wykl9\wykl9\debug\wykl9.tlog\link.12876-rc.read.1.tlog
d:\programowanie proceduralne\wykl9\wykl9\debug\wykl9.tlog\link.12876-rc.write.1.tlog
d:\programowanie proceduralne\wykl9\wykl9\debug\wykl9.tlog\link.12876.read.1.tlog
d:\programowanie proceduralne\wykl9\wykl9\debug\wykl9.tlog\link.12876.write.1.tlog
d:\programowanie proceduralne\wykl9\wykl9\debug\wykl9.tlog\link.command.1.tlog
d:\programowanie proceduralne\wykl9\wykl9\debug\wykl9.tlog\link.read.1.tlog
d:\programowanie proceduralne\wykl9\wykl9\debug\wykl9.tlog\link.write.1.tlog
